info it worked if it ends with ok
verbose cli [ 'node', '/usr/local/bin/npm', 'install' ]
info using npm@1.0.105
info using node@v0.6.1
verbose /usr/local/bin/node node symlink
verbose config file /Users/kevinmroth/.npmrc
verbose config file /usr/local/etc/npmrc
verbose config file /usr/local/lib/node_modules/npm/npmrc
silly testEngine { author: { name: 'Kevin M Roth' },
silly testEngine   name: 'shortUrl',
silly testEngine   description: 'Generate, retrieve short urls over mongoose/mongodb/express',
silly testEngine   version: '0.0.1',
silly testEngine   main: './index',
silly testEngine   engines: { node: 'v0.4.11' },
silly testEngine   dependencies: 
silly testEngine    { mongoose: '2.3.12',
silly testEngine      'base-converter': '1.1.1',
silly testEngine      express: '2.4.5',
silly testEngine      short: '0.1.5' },
silly testEngine   _id: 'shortUrl@0.0.1',
silly testEngine   devDependencies: {},
silly testEngine   _engineSupported: false,
silly testEngine   _npmVersion: '1.0.105',
silly testEngine   _nodeVersion: 'v0.6.1',
silly testEngine   _defaultsLoaded: true,
silly testEngine   scripts: {} }
verbose caching /Users/kevinmroth/Desktop/Projects/shortUrl/package.json
verbose loadDefaults shortUrl@0.0.1
verbose where, deps [ '/Users/kevinmroth/Desktop/Projects/shortUrl',
verbose where, deps   [ 'mongoose', 'base-converter', 'express', 'short' ] ]
verbose from cache /Users/kevinmroth/Desktop/Projects/shortUrl/package.json
info preinstall shortUrl@0.0.1
silly testEngine { name: 'base-converter',
silly testEngine   description: 'Simple math tool for base convertion : decimal from/to any base',
silly testEngine   version: '1.1.1',
silly testEngine   author: 
silly testEngine    { name: 'Nicolas Chambrier',
silly testEngine      email: 'naholyr@gmail.com',
silly testEngine      url: 'http://naholyr.fr' },
silly testEngine   directories: { lib: '.' },
silly testEngine   engines: { node: '*' },
silly testEngine   dependencies: {},
silly testEngine   devDependencies: {},
silly testEngine   homepage: 'http://github.com/naholyr/node-base-converter',
silly testEngine   repository: 
silly testEngine    { type: 'git',
silly testEngine      url: 'git://github.com/naholyr/node-base-converter.git' },
silly testEngine   main: 'index.js',
silly testEngine   scripts: { test: 'node test' },
silly testEngine   _id: 'base-converter@1.1.1',
silly testEngine   _engineSupported: true,
silly testEngine   _npmVersion: '1.0.105',
silly testEngine   _nodeVersion: 'v0.6.1',
silly testEngine   _defaultsLoaded: true }
verbose caching /Users/kevinmroth/Desktop/Projects/shortUrl/node_modules/base-converter/package.json
verbose loadDefaults base-converter@1.1.1
silly testEngine { name: 'express',
silly testEngine   description: 'Sinatra inspired web development framework',
silly testEngine   version: '2.4.5',
silly testEngine   author: { name: 'TJ Holowaychuk', email: 'tj@vision-media.ca' },
silly testEngine   contributors: 
silly testEngine    [ { name: 'TJ Holowaychuk', email: 'tj@vision-media.ca' },
silly testEngine      { name: 'Aaron Heckmann',
silly testEngine        email: 'aaron.heckmann+github@gmail.com' },
silly testEngine      { name: 'Ciaran Jessup', email: 'ciaranj@gmail.com' },
silly testEngine      { name: 'Guillermo Rauch', email: 'rauchg@gmail.com' } ],
silly testEngine   dependencies: { connect: '>= 1.5.2 < 2.0.0', mime: '>= 0.0.1', qs: '>= 0.3.1' },
silly testEngine   devDependencies: 
silly testEngine    { 'connect-form': '0.2.1',
silly testEngine      ejs: '0.4.2',
silly testEngine      expresso: '0.7.2',
silly testEngine      hamljs: '0.5.1',
silly testEngine      jade: '0.11.0',
silly testEngine      stylus: '0.13.0',
silly testEngine      should: '0.2.1',
silly testEngine      'express-messages': '0.0.2',
silly testEngine      'node-markdown': '>= 0.0.1',
silly testEngine      'connect-redis': '>= 0.0.1' },
silly testEngine   keywords: [ 'framework', 'sinatra', 'web', 'rest', 'restful' ],
silly testEngine   repository: { type: 'git', url: 'git://github.com/visionmedia/express.git' },
silly testEngine   main: 'index',
silly testEngine   bin: { express: './bin/express' },
silly testEngine   scripts: { test: 'make test', prepublish: 'npm prune' },
silly testEngine   engines: { node: '>= 0.4.1 < 0.5.0' },
silly testEngine   _id: 'express@2.4.5',
silly testEngine   _engineSupported: false,
silly testEngine   _npmVersion: '1.0.105',
silly testEngine   _nodeVersion: 'v0.6.1',
silly testEngine   _defaultsLoaded: true }
verbose caching /Users/kevinmroth/Desktop/Projects/shortUrl/node_modules/express/package.json
verbose loadDefaults express@2.4.5
silly testEngine { name: 'expresso',
silly testEngine   version: '0.9.2',
silly testEngine   description: 'TDD framework, light-weight, fast, CI-friendly',
silly testEngine   author: { name: 'TJ Holowaychuk', email: 'tj@vision-media.ca' },
silly testEngine   repository: 
silly testEngine    { type: 'git',
silly testEngine      url: 'git://github.com/visionmedia/expresso.git' },
silly testEngine   bin: 
silly testEngine    { expresso: './bin/expresso',
silly testEngine      'node-jscoverage': './deps/jscoverage/node-jscoverage' },
silly testEngine   scripts: { preinstall: 'make deps/jscoverage/node-jscoverage' },
silly testEngine   _id: 'expresso@0.9.2',
silly testEngine   dependencies: {},
silly testEngine   devDependencies: {},
silly testEngine   engines: { node: '*' },
silly testEngine   _engineSupported: true,
silly testEngine   _npmVersion: '1.0.105',
silly testEngine   _nodeVersion: 'v0.6.1',
silly testEngine   _defaultsLoaded: true }
verbose caching /Users/kevinmroth/Desktop/Projects/shortUrl/node_modules/expresso/package.json
verbose loadDefaults expresso@0.9.2
silly testEngine { name: 'mongoose',
silly testEngine   description: 'Mongoose MongoDB ODM',
silly testEngine   version: '2.3.12',
silly testEngine   author: { name: 'Guillermo Rauch', email: 'guillermo@learnboost.com' },
silly testEngine   keywords: [ 'mongodb', 'mongoose', 'orm', 'data', 'datastore', 'nosql' ],
silly testEngine   dependencies: { hooks: '0.1.9', mongodb: '0.9.6-23', colors: '0.5.1' },
silly testEngine   devDependencies: { should: '0.2.1', gleak: '0.2.1' },
silly testEngine   directories: { lib: './lib/mongoose' },
silly testEngine   scripts: { test: 'make test' },
silly testEngine   main: './index.js',
silly testEngine   engines: { node: '>= 0.4.0' },
silly testEngine   repository: { type: 'git', url: 'git://github.com/LearnBoost/mongoose.git' },
silly testEngine   _id: 'mongoose@2.3.12',
silly testEngine   _engineSupported: true,
silly testEngine   _npmVersion: '1.0.105',
silly testEngine   _nodeVersion: 'v0.6.1',
silly testEngine   _defaultsLoaded: true }
verbose caching /Users/kevinmroth/Desktop/Projects/shortUrl/node_modules/mongoose/package.json
verbose loadDefaults mongoose@2.3.12
silly testEngine { author: { name: 'Edward Hotchkiss', email: 'e@ingk.com' },
silly testEngine   name: 'short',
silly testEngine   description: 'Generate, retrieve short urls over mongoose/mongodb/express',
silly testEngine   version: '0.1.1',
silly testEngine   repository: 
silly testEngine    { type: 'git',
silly testEngine      url: 'git://github.com/edwardhotchkiss/short.git' },
silly testEngine   keywords: [ 'short', 'url', 'shortener', 'tiny' ],
silly testEngine   main: './index',
silly testEngine   engines: { node: 'v0.4.11' },
silly testEngine   dependencies: { mongoose: '2.2.3', 'base-converter': '1.1.1' },
silly testEngine   _id: 'short@0.1.1',
silly testEngine   devDependencies: {},
silly testEngine   _engineSupported: false,
silly testEngine   _npmVersion: '1.0.105',
silly testEngine   _nodeVersion: 'v0.6.1',
silly testEngine   _defaultsLoaded: true }
verbose caching /Users/kevinmroth/Desktop/Projects/shortUrl/node_modules/short/package.json
verbose loadDefaults short@0.1.1
silly testEngine { name: 'should',
silly testEngine   description: 'test framework agnostic BDD-style assertions',
silly testEngine   version: '0.3.2',
silly testEngine   author: { name: 'TJ Holowaychuk', email: 'tj@vision-media.ca' },
silly testEngine   contributors: [ { name: 'Aseem Kishore', email: 'aseem.kishore@gmail.com' } ],
silly testEngine   devDependencies: { expresso: '0.9.2', should: '*' },
silly testEngine   keywords: [ 'test', 'bdd', 'assert' ],
silly testEngine   main: './lib/should.js',
silly testEngine   engines: { node: '>= 0.2.0' },
silly testEngine   _id: 'should@0.3.2',
silly testEngine   dependencies: {},
silly testEngine   _engineSupported: true,
silly testEngine   _npmVersion: '1.0.105',
silly testEngine   _nodeVersion: 'v0.6.1',
silly testEngine   _defaultsLoaded: true }
verbose caching /Users/kevinmroth/Desktop/Projects/shortUrl/node_modules/should/package.json
verbose loadDefaults should@0.3.2
verbose from cache /Users/kevinmroth/Desktop/Projects/shortUrl/package.json
verbose into /Users/kevinmroth/Desktop/Projects/shortUrl [ 'mongoose@2.3.12',
verbose into /Users/kevinmroth/Desktop/Projects/shortUrl   'base-converter@1.1.1',
verbose into /Users/kevinmroth/Desktop/Projects/shortUrl   'express@2.4.5',
verbose into /Users/kevinmroth/Desktop/Projects/shortUrl   'short@0.1.5' ]
verbose from cache /Users/kevinmroth/Desktop/Projects/shortUrl/node_modules/base-converter/package.json
verbose from cache /Users/kevinmroth/Desktop/Projects/shortUrl/node_modules/express/package.json
verbose from cache /Users/kevinmroth/Desktop/Projects/shortUrl/node_modules/expresso/package.json
verbose from cache /Users/kevinmroth/Desktop/Projects/shortUrl/node_modules/mongoose/package.json
verbose from cache /Users/kevinmroth/Desktop/Projects/shortUrl/node_modules/short/package.json
verbose from cache /Users/kevinmroth/Desktop/Projects/shortUrl/node_modules/should/package.json
verbose cache add short@0.1.5
verbose cache add [ 'short@0.1.5', null ]
silly cache add: name, spec, args [ undefined, 'short@0.1.5', [ 'short@0.1.5', null ] ]
verbose parsed url { pathname: 'short@0.1.5',
verbose parsed url   path: 'short@0.1.5',
verbose parsed url   href: 'short@0.1.5' }
silly cache add: name, spec, args [ 'short', '0.1.5', [ 'short', '0.1.5' ] ]
verbose parsed url { pathname: '0.1.5', path: '0.1.5', href: '0.1.5' }
info addNamed [ 'short', '0.1.5' ]
verbose addNamed [ '0.1.5', '0.1.5' ]
verbose already installed in /Users/kevinmroth/Desktop/Projects/shortUrl skipping mongoose@2.3.12
verbose already installed in /Users/kevinmroth/Desktop/Projects/shortUrl skipping base-converter@1.1.1
verbose already installed in /Users/kevinmroth/Desktop/Projects/shortUrl skipping express@2.4.5
verbose GET short/0.1.5
verbose raw, before any munging short/0.1.5
verbose url resolving [ 'https://registry.npmjs.org/', './short/0.1.5' ]
verbose url resolved https://registry.npmjs.org/short/0.1.5
silly get cb [ 200,
silly get cb   { vary: 'Accept',
silly get cb     server: 'CouchDB/1.1.0 (Erlang OTP/R14B04)',
silly get cb     etag: '"ETC24L75T7VCH8ERTF6GYNEHI"',
silly get cb     date: 'Tue, 15 Nov 2011 15:06:56 GMT',
silly get cb     'content-type': 'application/json',
silly get cb     'content-length': '827' } ]
verbose mkdir (expected) error ENOENT, no such file or directory '/Users/kevinmroth/.npm/short/0.1.5'
verbose mkdir done: /Users/kevinmroth/.npm/short/0.1.5 755
verbose bin dist [ '0.6-ares1.7.5-DEV-evundefined-openssl0.9.8r-v83.6.6.7-darwin-x64-11.2.0',
verbose bin dist   { shasum: 'e8397fc62fc491b7a2f87a0c92f5ca47039eb169',
verbose bin dist     tarball: 'http://registry.npmjs.org/short/-/short-0.1.5.tgz' } ]
verbose addRemoteTarball [ 'https://registry.npmjs.org/short/-/short-0.1.5.tgz',
verbose addRemoteTarball   'e8397fc62fc491b7a2f87a0c92f5ca47039eb169' ]
verbose mkdir (expected) error ENOENT, no such file or directory '/var/folders/x_/2c3dcxyn5q91_y8v_z8ybzzh0000gn/T/npm-1321369616068'
verbose mkdir (expected) error ENOENT, no such file or directory '/var/folders/x_/2c3dcxyn5q91_y8v_z8ybzzh0000gn/T/npm-1321369616068/1321369616068-0.850933090550825'
verbose mkdir done: /var/folders/x_/2c3dcxyn5q91_y8v_z8ybzzh0000gn/T/npm-1321369616068/1321369616068-0.850933090550825 755
info fetch https://registry.npmjs.org/short/-/short-0.1.5.tgz
verbose fetch to /var/folders/x_/2c3dcxyn5q91_y8v_z8ybzzh0000gn/T/npm-1321369616068/1321369616068-0.850933090550825/tmp.tgz
silly updated sha bytes 10240
info shasum e8397fc62fc491b7a2f87a0c92f5ca47039eb169
info shasum /var/folders/x_/2c3dcxyn5q91_y8v_z8ybzzh0000gn/T/npm-1321369616068/1321369616068-0.850933090550825/tmp.tgz
verbose mkdir (expected) error ENOENT, no such file or directory '/var/folders/x_/2c3dcxyn5q91_y8v_z8ybzzh0000gn/T/npm-1321369616068/1321369616068-0.850933090550825/contents'
verbose mkdir (expected) error ENOENT, no such file or directory '/var/folders/x_/2c3dcxyn5q91_y8v_z8ybzzh0000gn/T/npm-1321369616068/1321369616068-0.850933090550825/contents/___package.npm'
verbose mkdir done: /var/folders/x_/2c3dcxyn5q91_y8v_z8ybzzh0000gn/T/npm-1321369616068/1321369616068-0.850933090550825/contents/___package.npm 755
verbose unpack_ uid, gid [ undefined, undefined ]
verbose unpackTarget /var/folders/x_/2c3dcxyn5q91_y8v_z8ybzzh0000gn/T/npm-1321369616068/1321369616068-0.850933090550825/contents/package
silly gunzTarPerm modes [ '755', '644' ]
silly spawning [ 'tar',
silly spawning   [ '-zmvxpf',
silly spawning     '/var/folders/x_/2c3dcxyn5q91_y8v_z8ybzzh0000gn/T/npm-1321369616068/1321369616068-0.850933090550825/tmp.tgz' ],
silly spawning   '/var/folders/x_/2c3dcxyn5q91_y8v_z8ybzzh0000gn/T/npm-1321369616068/1321369616068-0.850933090550825/contents/___package.npm' ]
silly tar err x package/.gitignore
silly tar err x package/index.js
silly tar err x package/Makefile
silly tar err x package/package.json
silly tar err x package/README.md
silly tar err x package/examples/api.js
silly tar err x package/examples/server.js
silly tar err x package/lib/short.js
silly tar err x package/models/ShortURL.js
silly tar err x package/test/index.test.js
silly tar exit 0
silly asyncMap in gTP /var/folders/x_/2c3dcxyn5q91_y8v_z8ybzzh0000gn/T/npm-1321369616068/1321369616068-0.850933090550825/contents/___package.npm/package
silly asyncMap in gTP /var/folders/x_/2c3dcxyn5q91_y8v_z8ybzzh0000gn/T/npm-1321369616068/1321369616068-0.850933090550825/contents/___package.npm/package/.gitignore
silly asyncMap in gTP /var/folders/x_/2c3dcxyn5q91_y8v_z8ybzzh0000gn/T/npm-1321369616068/1321369616068-0.850933090550825/contents/___package.npm/package/index.js
silly asyncMap in gTP /var/folders/x_/2c3dcxyn5q91_y8v_z8ybzzh0000gn/T/npm-1321369616068/1321369616068-0.850933090550825/contents/___package.npm/package/Makefile
silly asyncMap in gTP /var/folders/x_/2c3dcxyn5q91_y8v_z8ybzzh0000gn/T/npm-1321369616068/1321369616068-0.850933090550825/contents/___package.npm/package/package.json
silly asyncMap in gTP /var/folders/x_/2c3dcxyn5q91_y8v_z8ybzzh0000gn/T/npm-1321369616068/1321369616068-0.850933090550825/contents/___package.npm/package/README.md
silly asyncMap in gTP /var/folders/x_/2c3dcxyn5q91_y8v_z8ybzzh0000gn/T/npm-1321369616068/1321369616068-0.850933090550825/contents/___package.npm/package/examples
silly asyncMap in gTP /var/folders/x_/2c3dcxyn5q91_y8v_z8ybzzh0000gn/T/npm-1321369616068/1321369616068-0.850933090550825/contents/___package.npm/package/examples/api.js
silly asyncMap in gTP /var/folders/x_/2c3dcxyn5q91_y8v_z8ybzzh0000gn/T/npm-1321369616068/1321369616068-0.850933090550825/contents/___package.npm/package/examples/server.js
silly asyncMap in gTP /var/folders/x_/2c3dcxyn5q91_y8v_z8ybzzh0000gn/T/npm-1321369616068/1321369616068-0.850933090550825/contents/___package.npm/package/lib
silly asyncMap in gTP /var/folders/x_/2c3dcxyn5q91_y8v_z8ybzzh0000gn/T/npm-1321369616068/1321369616068-0.850933090550825/contents/___package.npm/package/lib/short.js
silly asyncMap in gTP /var/folders/x_/2c3dcxyn5q91_y8v_z8ybzzh0000gn/T/npm-1321369616068/1321369616068-0.850933090550825/contents/___package.npm/package/test
silly asyncMap in gTP /var/folders/x_/2c3dcxyn5q91_y8v_z8ybzzh0000gn/T/npm-1321369616068/1321369616068-0.850933090550825/contents/___package.npm/package/test/index.test.js
silly asyncMap in gTP /var/folders/x_/2c3dcxyn5q91_y8v_z8ybzzh0000gn/T/npm-1321369616068/1321369616068-0.850933090550825/contents/___package.npm/package/models
silly asyncMap in gTP /var/folders/x_/2c3dcxyn5q91_y8v_z8ybzzh0000gn/T/npm-1321369616068/1321369616068-0.850933090550825/contents/___package.npm/package/models/ShortURL.js
silly chmod package 755
silly chmod examples 755
silly chmod lib 755
silly chmod test 755
silly chmod models 755
verbose gunzed /var/folders/x_/2c3dcxyn5q91_y8v_z8ybzzh0000gn/T/npm-1321369616068/1321369616068-0.850933090550825/contents/___package.npm/package
verbose rm'ed /var/folders/x_/2c3dcxyn5q91_y8v_z8ybzzh0000gn/T/npm-1321369616068/1321369616068-0.850933090550825/contents/package
verbose renamed [ '/var/folders/x_/2c3dcxyn5q91_y8v_z8ybzzh0000gn/T/npm-1321369616068/1321369616068-0.850933090550825/contents/___package.npm/package',
verbose renamed   '/var/folders/x_/2c3dcxyn5q91_y8v_z8ybzzh0000gn/T/npm-1321369616068/1321369616068-0.850933090550825/contents/package' ]
silly testEngine { author: { name: 'Edward Hotchkiss', email: 'e@ingk.com' },
silly testEngine   name: 'short',
silly testEngine   description: 'Generate, retieve short urls over mongoose/mongodb/express',
silly testEngine   version: '0.1.5',
silly testEngine   repository: 
silly testEngine    { type: 'git',
silly testEngine      url: 'git://github.com/edwardhotchkiss/short.git' },
silly testEngine   keywords: [ 'short', 'url', 'shortener', 'tiny', 'uri' ],
silly testEngine   main: './index',
silly testEngine   engines: { node: '~v0.4.11' },
silly testEngine   dependencies: { mongoose: '2.2.4', 'base-converter': '1.1.1' },
silly testEngine   devDependencies: { vows: '', should: '' },
silly testEngine   _id: 'short@0.1.5',
silly testEngine   _engineSupported: false,
silly testEngine   _npmVersion: '1.0.105',
silly testEngine   _nodeVersion: 'v0.6.1',
silly testEngine   _defaultsLoaded: true,
silly testEngine   path: '/var/folders/x_/2c3dcxyn5q91_y8v_z8ybzzh0000gn/T/npm-1321369616068/1321369616068-0.850933090550825/contents/package' }
verbose caching /var/folders/x_/2c3dcxyn5q91_y8v_z8ybzzh0000gn/T/npm-1321369616068/1321369616068-0.850933090550825/contents/package/package.json
verbose loadDefaults short@0.1.5
verbose tarball contents [ 'package' ]
verbose from cache /var/folders/x_/2c3dcxyn5q91_y8v_z8ybzzh0000gn/T/npm-1321369616068/1321369616068-0.850933090550825/contents/package/package.json
verbose pack /var/folders/x_/2c3dcxyn5q91_y8v_z8ybzzh0000gn/T/npm-1321369616068/1321369616068-0.850933090550825/contents/package /Users/kevinmroth/.npm/short/0.1.5/package.tgz
silly makeList /var/folders/x_/2c3dcxyn5q91_y8v_z8ybzzh0000gn/T/npm-1321369616068/1321369616068-0.850933090550825/contents/package
verbose mkdir'ed /Users/kevinmroth/.npm/short/0.1.5
verbose tar about to write tar and gzip it.
silly tar args [ '-czvf', '-', '-T', '-' ]
silly spawning [ 'tar',
silly spawning   [ '-czvf', '-', '-T', '-' ],
silly spawning   '/var/folders/x_/2c3dcxyn5q91_y8v_z8ybzzh0000gn/T/npm-1321369616068/1321369616068-0.850933090550825/contents' ]
verbose mkdir (expected) error ENOENT, no such file or directory '/Users/kevinmroth/.npm/short/0.1.5/___package.npm'
verbose mkdir done: /Users/kevinmroth/.npm/short/0.1.5/___package.npm 755
verbose unpack_ uid, gid [ undefined, undefined ]
verbose unpackTarget /Users/kevinmroth/.npm/short/0.1.5/package
silly gunzTarPerm modes [ '755', '644' ]
silly spawning [ 'tar',
silly spawning   [ '-zmvxpf', '/Users/kevinmroth/.npm/short/0.1.5/package.tgz' ],
silly spawning   '/Users/kevinmroth/.npm/short/0.1.5/___package.npm' ]
silly tar err x package/.gitignore
silly tar err x package/index.js
silly tar err x package/Makefile
silly tar err x package/package.json
silly tar err x package/README.md
silly tar err x package/examples/api.js
silly tar err x package/examples/server.js
silly tar err x package/lib/short.js
silly tar err x package/models/ShortURL.js
silly tar err x package/test/index.test.js
silly tar exit 0
silly asyncMap in gTP /Users/kevinmroth/.npm/short/0.1.5/___package.npm/package
silly asyncMap in gTP /Users/kevinmroth/.npm/short/0.1.5/___package.npm/package/.gitignore
silly asyncMap in gTP /Users/kevinmroth/.npm/short/0.1.5/___package.npm/package/index.js
silly asyncMap in gTP /Users/kevinmroth/.npm/short/0.1.5/___package.npm/package/Makefile
silly asyncMap in gTP /Users/kevinmroth/.npm/short/0.1.5/___package.npm/package/package.json
silly asyncMap in gTP /Users/kevinmroth/.npm/short/0.1.5/___package.npm/package/README.md
silly asyncMap in gTP /Users/kevinmroth/.npm/short/0.1.5/___package.npm/package/examples
silly asyncMap in gTP /Users/kevinmroth/.npm/short/0.1.5/___package.npm/package/examples/api.js
silly asyncMap in gTP /Users/kevinmroth/.npm/short/0.1.5/___package.npm/package/examples/server.js
silly asyncMap in gTP /Users/kevinmroth/.npm/short/0.1.5/___package.npm/package/lib
silly asyncMap in gTP /Users/kevinmroth/.npm/short/0.1.5/___package.npm/package/lib/short.js
silly asyncMap in gTP /Users/kevinmroth/.npm/short/0.1.5/___package.npm/package/models
silly asyncMap in gTP /Users/kevinmroth/.npm/short/0.1.5/___package.npm/package/models/ShortURL.js
silly asyncMap in gTP /Users/kevinmroth/.npm/short/0.1.5/___package.npm/package/test
silly asyncMap in gTP /Users/kevinmroth/.npm/short/0.1.5/___package.npm/package/test/index.test.js
silly chmod package 755
silly chmod examples 755
silly chmod lib 755
silly chmod models 755
silly chmod test 755
verbose gunzed /Users/kevinmroth/.npm/short/0.1.5/___package.npm/package
verbose rm'ed /Users/kevinmroth/.npm/short/0.1.5/package
verbose renamed [ '/Users/kevinmroth/.npm/short/0.1.5/___package.npm/package',
verbose renamed   '/Users/kevinmroth/.npm/short/0.1.5/package' ]
silly testEngine { author: { name: 'Edward Hotchkiss', email: 'e@ingk.com' },
silly testEngine   name: 'short',
silly testEngine   description: 'Generate, retieve short urls over mongoose/mongodb/express',
silly testEngine   version: '0.1.5',
silly testEngine   repository: 
silly testEngine    { type: 'git',
silly testEngine      url: 'git://github.com/edwardhotchkiss/short.git' },
silly testEngine   keywords: [ 'short', 'url', 'shortener', 'tiny', 'uri' ],
silly testEngine   main: './index',
silly testEngine   engines: { node: '~v0.4.11' },
silly testEngine   dependencies: { mongoose: '2.2.4', 'base-converter': '1.1.1' },
silly testEngine   devDependencies: { vows: '', should: '' },
silly testEngine   _id: 'short@0.1.5',
silly testEngine   _engineSupported: false,
silly testEngine   _npmVersion: '1.0.105',
silly testEngine   _nodeVersion: 'v0.6.1',
silly testEngine   _defaultsLoaded: true,
silly testEngine   dist: { shasum: '12eb995bec320acb477262d59eb42c562b1619ea' } }
verbose caching /Users/kevinmroth/.npm/short/0.1.5/package/package.json
verbose loadDefaults short@0.1.5
silly updated sha bytes 10240
info shasum 12eb995bec320acb477262d59eb42c562b1619ea
info shasum /Users/kevinmroth/.npm/short/0.1.5/package.tgz
verbose from cache /Users/kevinmroth/.npm/short/0.1.5/package/package.json
verbose chmod /Users/kevinmroth/.npm/short/0.1.5/package.tgz 644
verbose chown [ '/Users/kevinmroth/.npm/short/0.1.5/package.tgz', 501, 20 ]
silly resolved [ { author: { name: 'Edward Hotchkiss', email: 'e@ingk.com' },
silly resolved     name: 'short',
silly resolved     description: 'Generate, retieve short urls over mongoose/mongodb/express',
silly resolved     version: '0.1.5',
silly resolved     repository: 
silly resolved      { type: 'git',
silly resolved        url: 'git://github.com/edwardhotchkiss/short.git' },
silly resolved     keywords: [ 'short', 'url', 'shortener', 'tiny', 'uri' ],
silly resolved     main: './index',
silly resolved     engines: { node: '~v0.4.11' },
silly resolved     dependencies: { mongoose: '2.2.4', 'base-converter': '1.1.1' },
silly resolved     devDependencies: { vows: '', should: '' },
silly resolved     _id: 'short@0.1.5',
silly resolved     _engineSupported: false,
silly resolved     _npmVersion: '1.0.105',
silly resolved     _nodeVersion: 'v0.6.1',
silly resolved     _defaultsLoaded: true,
silly resolved     dist: { shasum: '12eb995bec320acb477262d59eb42c562b1619ea' } } ]
info into /Users/kevinmroth/Desktop/Projects/shortUrl short@0.1.5
info installOne short@0.1.5
verbose installOne cb short@0.1.5
ERR! Unsupported
ERR! Not compatible with your version of node/npm: short@0.1.5
ERR! Required: {"node":"~v0.4.11"}
ERR! Actual:   {"npm":"1.0.105","node":"0.6.1"}
ERR! 
ERR! System Darwin 11.2.0
ERR! command "node" "/usr/local/bin/npm" "install"
ERR! cwd /Users/kevinmroth/Desktop/Projects/shortUrl
ERR! node -v v0.6.1
ERR! npm -v 1.0.105
ERR! code ENOTSUP
verbose exit [ 1, true ]
